1568472209347	mozrunner::runner	INFO	Running command: "C://Program Files//Mozilla Firefox//firefox.exe" "-marionette" "-foreground" "-no-remote" "-profile" "C:\\Users\\13633\\AppData\\Local\\Temp\\rust_mozprofileObVm02"
1568472209800	addons.webextension.screenshots@mozilla.org	WARN	Loading extension 'screenshots@mozilla.org': Reading manifest: Invalid extension permission: mozillaAddons
1568472209800	addons.webextension.screenshots@mozilla.org	WARN	Loading extension 'screenshots@mozilla.org': Reading manifest: Invalid extension permission: telemetry
1568472209800	addons.webextension.screenshots@mozilla.org	WARN	Loading extension 'screenshots@mozilla.org': Reading manifest: Invalid extension permission: resource://pdf.js/
1568472209800	addons.webextension.screenshots@mozilla.org	WARN	Loading extension 'screenshots@mozilla.org': Reading manifest: Invalid extension permission: about:reader*
JavaScript error: resource://gre/modules/XULStore.jsm, line 66: Error: Can't find profile directory.
1568472211531	Marionette	INFO	Listening on port 54766
1568472211560	Marionette	WARN	TLS certificate errors will be ignored for this session
1568472228017	Marionette	WARN	TimedPromise timed out after 500 ms: stacktrace:
bail@chrome://marionette/content/sync.js:237:64
IPDL protocol error: Handler returned error code!

###!!! [Parent][DispatchAsyncMessage] Error: PLayerTransaction::Msg_ReleaseLayer Processing error: message was deserialized, but the handler returned false (indicating failure)

IPDL protocol error: Handler returned error code!

###!!! [Parent][DispatchAsyncMessage] Error: PLayerTransaction::Msg_ReleaseLayer Processing error: message was deserialized, but the handler returned false (indicating failure)

IPDL protocol error: Handler returned error code!

###!!! [Parent][DispatchAsyncMessage] Error: PLayerTransaction::Msg_ReleaseLayer Processing error: message was deserialized, but the handler returned false (indicating failure)

IPDL protocol error: Handler returned error code!

###!!! [Parent][DispatchAsyncMessage] Error: PLayerTransaction::Msg_ReleaseLayer Processing error: message was deserialized, but the handler returned false (indicating failure)

[Parent 22276, Gecko_IOThread] WARNING: pipe error: 109: file z:/task_1566864336/build/src/ipc/chromium/src/chrome/common/ipc_channel_win.cc, line 341
[Child 21204, Chrome_ChildThread] WARNING: pipe error: 109: file z:/task_1566864336/build/src/ipc/chromium/src/chrome/common/ipc_channel_win.cc, line 341
[Child 21204, Chrome_ChildThread] WARNING: pipe error: 109: file z:/task_1566864336/build/src/ipc/chromium/src/chrome/common/ipc_channel_win.cc, line 341
[Parent 22276, Gecko_IOThread] WARNING: pipe error: 109: file z:/task_1566864336/build/src/ipc/chromium/src/chrome/common/ipc_channel_win.cc, line 341
[Child 2184, Chrome_ChildThread] WARNING: pipe error: 109: file z:/task_1566864336/build/src/ipc/chromium/src/chrome/common/ipc_channel_win.cc, line 341
[Child 2184, Chrome_ChildThread] WARNING: pipe error: 109: file z1568472987993	Marionette	INFO	Stopped listening on port 54766

###!!! [Child][RunMessage] Error: Channel closing: too late to send/recv, messages will be lost

[GPU 17156, Chro
###!!! [Child][MessageChannel::SendAndWait] Error: Channel error: cannot send/recv

